Log file open, 11/05/21 00:26:46
LogWindows: Failed to load 'aqProf.dll' (GetLastError=126)
LogWindows: File 'aqProf.dll' does not exist
LogWindows: Failed to load 'VtuneApi.dll' (GetLastError=126)
LogWindows: File 'VtuneApi.dll' does not exist
LogWindows: Failed to load 'VtuneApi32e.dll' (GetLastError=126)
LogWindows: File 'VtuneApi32e.dll' does not exist
LogConsoleResponse: Display: Failed to find resolution value strings in scalability ini. Falling back to default.
LogConsoleResponse: Display: Failed to find resolution value strings in scalability ini. Falling back to default.
LogInit: Display: Running engine for game: FPSGame
LogPlatformFile: Not using cached read wrapper
LogTaskGraph: Started task graph with 5 named threads and 59 total threads with 3 sets of task threads.
LogStats: Stats thread started at 0.147351
LogICUInternationalization: ICU TimeZone Detection - Raw Offset: +8:00, Platform Override: ''
LogInit: Display: Loading text-based GConfig....
LogPluginManager: Mounting plugin MeshPainting
LogPluginManager: Mounting plugin XGEController
LogPluginManager: Mounting plugin Paper2D
LogPluginManager: Mounting plugin AISupport
LogPluginManager: Mounting plugin LiveLink
LogPluginManager: Mounting plugin LightPropagationVolume
LogPluginManager: Mounting plugin EnvironmentQueryEditor
LogPluginManager: Mounting plugin CodeLiteSourceCodeAccess
LogPluginManager: Mounting plugin AnimationSharing
LogPluginManager: Mounting plugin PlasticSourceControl
LogPluginManager: Mounting plugin PluginUtils
LogPluginManager: Mounting plugin PerforceSourceControl
LogPluginManager: Mounting plugin KDevelopSourceCodeAccess
LogPluginManager: Mounting plugin GitSourceControl
LogPluginManager: Mounting plugin PropertyAccessNode
LogPluginManager: Mounting plugin CLionSourceCodeAccess
LogPluginManager: Mounting plugin RiderLink
LogPluginManager: Mounting plugin SubversionSourceControl
LogPluginManager: Mounting plugin OodleData
LogPluginManager: Mounting plugin PixWinPlugin
LogPluginManager: Mounting plugin NullSourceCodeAccess
LogPluginManager: Mounting plugin UObjectPlugin
LogPluginManager: Mounting plugin DatasmithContent
LogPluginManager: Mounting plugin VariantManagerContent
LogPluginManager: Mounting plugin VisualStudioCodeSourceCodeAccess
LogPluginManager: Mounting plugin AssetManagerEditor
LogPluginManager: Mounting plugin DataValidation
LogPluginManager: Mounting plugin CurveEditorTools
LogPluginManager: Mounting plugin VisualStudioSourceCodeAccess
LogPluginManager: Mounting plugin TextureFormatOodle
LogPluginManager: Mounting plugin CryptoKeys
LogPluginManager: Mounting plugin FacialAnimation
LogPluginManager: Mounting plugin GeometryMode
LogPluginManager: Mounting plugin MacGraphicsSwitching
LogPluginManager: Mounting plugin OodleNetwork
LogPluginManager: Mounting plugin MobileLauncherProfileWizard
LogPluginManager: Mounting plugin MaterialAnalyzer
LogPluginManager: Mounting plugin RiderSourceCodeAccess
LogPluginManager: Mounting plugin CameraShakePreviewer
LogPluginManager: Mounting plugin GameplayCameras
LogPluginManager: Mounting plugin XCodeSourceCodeAccess
LogPluginManager: Mounting plugin SpeedTreeImporter
LogPluginManager: Mounting plugin MagicLeapLightEstimation
LogPluginManager: Mounting plugin MagicLeapMedia
LogPluginManager: Mounting plugin MagicLeap
LogPluginManager: Mounting plugin MagicLeapPassableWorld
LogPluginManager: Mounting plugin MLSDK
LogPluginManager: Mounting plugin AndroidMedia
LogPluginManager: Mounting plugin GameplayTagsEditor
LogPluginManager: Mounting plugin ImgMedia
LogPluginManager: Mounting plugin Niagara
LogPluginManager: Mounting plugin MediaCompositing
LogPluginManager: Mounting plugin MediaPlayerEditor
LogPluginManager: Mounting plugin WmfMedia
LogPluginManager: Mounting plugin AvfMedia
LogPluginManager: Mounting plugin WebMMedia
LogPluginManager: Mounting plugin LevelSequenceEditor
LogPluginManager: Mounting plugin PluginBrowser
LogPluginManager: Mounting plugin LuminPlatformFeatures
LogPluginManager: Mounting plugin ActorSequence
LogPluginManager: Mounting plugin MatineeToLevelSequence
LogPluginManager: Mounting plugin TemplateSequence
LogPluginManager: Mounting plugin TcpMessaging
LogPluginManager: Mounting plugin UdpMessaging
LogPluginManager: Mounting plugin OnlineSubsystemNull
LogPluginManager: Mounting plugin OnlineSubsystemUtils
LogPluginManager: Mounting plugin OnlineSubsystem
LogPluginManager: Mounting plugin AndroidDeviceProfileSelector
LogPluginManager: Mounting plugin AndroidPermission
LogPluginManager: Mounting plugin AndroidMoviePlayer
LogPluginManager: Mounting plugin ActorLayerUtilities
LogPluginManager: Mounting plugin AppleImageUtils
LogPluginManager: Mounting plugin AssetTags
LogPluginManager: Mounting plugin CableComponent
LogPluginManager: Mounting plugin AppleMoviePlayer
LogPluginManager: Mounting plugin ArchVisCharacter
LogPluginManager: Mounting plugin AudioCapture
LogPluginManager: Mounting plugin EditableMesh
LogPluginManager: Mounting plugin CustomMeshComponent
LogPluginManager: Mounting plugin AudioSynesthesia
LogPluginManager: Mounting plugin ChunkDownloader
LogPluginManager: Mounting plugin ExampleDeviceProfileSelector
LogPluginManager: Mounting plugin GoogleCloudMessaging
LogPluginManager: Mounting plugin IOSDeviceProfileSelector
LogPluginManager: Mounting plugin OpenXR
LogPluginManager: Mounting plugin LinuxDeviceProfileSelector
LogPluginManager: Mounting plugin MobilePatchingUtils
LogPluginManager: Mounting plugin LocationServicesBPLibrary
LogPluginManager: Mounting plugin OpenXREyeTracker
LogPluginManager: Mounting plugin PropertyAccessEditor
LogPluginManager: Mounting plugin GooglePAD
LogPluginManager: Mounting plugin PhysXVehicles
LogPluginManager: Mounting plugin ProceduralMeshComponent
LogPluginManager: Mounting plugin RuntimePhysXCooking
LogPluginManager: Mounting plugin PostSplashScreen
LogPluginManager: Mounting plugin SoundFields
LogPluginManager: Mounting plugin SignificanceManager
LogPluginManager: Mounting plugin Synthesis
LogPluginManager: Mounting plugin WebMMoviePlayer
LogPluginManager: Mounting plugin WindowsMoviePlayer
LogPluginManager: Mounting plugin OpenXRHandTracking
LogPluginManager: Mounting plugin Takes
LogPluginManager: Mounting plugin ScreenshotTools
LogPluginManager: Mounting plugin LauncherChunkInstaller
LogPluginManager: Mounting plugin AlembicImporter
LogPluginManager: Mounting plugin AutomationUtils
LogPluginManager: Mounting plugin BackChannel
LogPluginManager: Mounting plugin ChaosNiagara
LogPluginManager: Mounting plugin ChaosClothEditor
LogPluginManager: Mounting plugin ChaosCloth
LogPluginManager: Mounting plugin CharacterAI
LogPluginManager: Mounting plugin ChaosSolverPlugin
LogPluginManager: Mounting plugin ChaosEditor
LogPluginManager: Mounting plugin GeometryCache
LogPluginManager: Mounting plugin GeometryCollectionPlugin
LogPluginManager: Mounting plugin OpenImageDenoise
LogPluginManager: Mounting plugin PlanarCut
LogPluginManager: Mounting plugin MotoSynth
LogPluginManager: Mounting plugin PythonScriptPlugin
LogPluginManager: Mounting plugin PlatformCrypto
LogPluginManager: Mounting plugin SkeletalReduction
LogPluginManager: Mounting plugin ProxyLODPlugin
LogPluginManager: Mounting plugin GeometryProcessing
LogPluginManager: Mounting plugin ContentBrowserFileDataSource
LogPluginManager: Mounting plugin ContentBrowserClassDataSource
LogPluginManager: Mounting plugin ContentBrowserAssetDataSource
LogPluginManager: Mounting plugin OnlineSubsystemGooglePlay
LogPluginManager: Mounting plugin OnlineSubsystemIOS
LogPluginManager: Mounting plugin OculusVR
LogPluginManager: Mounting plugin SteamVR
PixWinPlugin: PIX capture plugin failed to initialize! Check that the process is launched from PIX.
LogInit: Using libcurl 7.55.1-DEV
LogInit:  - built for x86_64-pc-win32
LogInit:  - supports SSL with OpenSSL/1.1.1
LogInit:  - supports HTTP deflate (compression) using libz 1.2.8
LogInit:  - other features:
LogInit:      CURL_VERSION_SSL
LogInit:      CURL_VERSION_LIBZ
LogInit:      CURL_VERSION_IPV6
LogInit:      CURL_VERSION_ASYNCHDNS
LogInit:      CURL_VERSION_LARGEFILE
LogInit:      CURL_VERSION_IDN
LogInit:  CurlRequestOptions (configurable via config and command line):
LogInit:  - bVerifyPeer = true  - Libcurl will verify peer certificate
LogInit:  - bUseHttpProxy = true  - Libcurl will use HTTP proxy
LogInit:  - HttpProxyAddress = '127.0.0.1:10809'
LogInit:  - bDontReuseConnections = false  - Libcurl will reuse connections
LogInit:  - MaxHostConnections = 16  - Libcurl will limit the number of connections to a host
LogInit:  - LocalHostAddr = Default
LogInit:  - BufferSize = 65536
LogOnline: OSS: Creating online subsystem instance for: NULL
LogInit: WinSock: version 1.1 (2.2), MaxSocks=32767, MaxUdp=65467
LogOnline: OSS: TryLoadSubsystemAndSetDefault: Loaded subsystem for module [NULL]
LogOculusPluginWrapper: OculusPlugin initialized successfully
LogHMD: Failed initializing OVRPlugin 1.59.0
LogInit: Build: ++UE4+Release-4.27-CL-0
LogInit: Engine Version: 4.27.0-0+++UE4+Release-4.27
LogInit: Compatible Engine Version: 4.27.0-0+++UE4+Release-4.27
LogInit: Net CL: 0
LogInit: OS: Windows 10 (Release 2009) (), CPU: Intel(R) Core(TM) i9-10900X CPU @ 3.70GHz, GPU: NVIDIA GeForce RTX 3090
LogInit: Compiled (64-bit): Oct 27 2021 23:39:11
LogInit: Compiled with Visual C++: 19.29.30038.01
LogInit: Build Configuration: Development
LogInit: Branch Name: ++UE4+Release-4.27
LogInit: Command Line: 
LogInit: Base Directory: D:/Codes/UE4src/UnrealEngine/Engine/Binaries/Win64/
LogInit: Allocator: TBB
LogInit: Installed Engine Build: 0
LogDevObjectVersion: Number of dev versions registered: 29
LogDevObjectVersion:   Dev-Blueprints (B0D832E4-1F89-4F0D-ACCF-7EB736FD4AA2): 10
LogDevObjectVersion:   Dev-Build (E1C64328-A22C-4D53-A36C-8E866417BD8C): 0
LogDevObjectVersion:   Dev-Core (375EC13C-06E4-48FB-B500-84F0262A717E): 4
LogDevObjectVersion:   Dev-Editor (E4B068ED-F494-42E9-A231-DA0B2E46BB41): 40
LogDevObjectVersion:   Dev-Framework (CFFC743F-43B0-4480-9391-14DF171D2073): 37
LogDevObjectVersion:   Dev-Mobile (B02B49B5-BB20-44E9-A304-32B752E40360): 3
LogDevObjectVersion:   Dev-Networking (A4E4105C-59A1-49B5-A7C5-40C4547EDFEE): 0
LogDevObjectVersion:   Dev-Online (39C831C9-5AE6-47DC-9A44-9C173E1C8E7C): 0
LogDevObjectVersion:   Dev-Physics (78F01B33-EBEA-4F98-B9B4-84EACCB95AA2): 14
LogDevObjectVersion:   Dev-Platform (6631380F-2D4D-43E0-8009-CF276956A95A): 0
LogDevObjectVersion:   Dev-Rendering (12F88B9F-8875-4AFC-A67C-D90C383ABD29): 45
LogDevObjectVersion:   Dev-Sequencer (7B5AE74C-D270-4C10-A958-57980B212A5A): 13
LogDevObjectVersion:   Dev-VR (D7296918-1DD6-4BDD-9DE2-64A83CC13884): 3
LogDevObjectVersion:   Dev-LoadTimes (C2A15278-BFE7-4AFE-6C17-90FF531DF755): 1
LogDevObjectVersion:   Private-Geometry (6EACA3D4-40EC-4CC1-B786-8BED09428FC5): 3
LogDevObjectVersion:   Dev-AnimPhys (29E575DD-E0A3-4627-9D10-D276232CDCEA): 17
LogDevObjectVersion:   Dev-Anim (AF43A65D-7FD3-4947-9873-3E8ED9C1BB05): 15
LogDevObjectVersion:   Dev-ReflectionCapture (6B266CEC-1EC7-4B8F-A30B-E4D90942FC07): 1
LogDevObjectVersion:   Dev-Automation (0DF73D61-A23F-47EA-B727-89E90C41499A): 1
LogDevObjectVersion:   FortniteMain (601D1886-AC64-4F84-AA16-D3DE0DEAC7D6): 47
LogDevObjectVersion:   FortniteRelease (E7086368-6B23-4C58-8439-1B7016265E91): 1
LogDevObjectVersion:   Dev-Enterprise (9DFFBCD6-494F-0158-E221-12823C92A888): 10
LogDevObjectVersion:   Dev-Niagara (F2AED0AC-9AFE-416F-8664-AA7FFA26D6FC): 1
LogDevObjectVersion:   Dev-Destruction (174F1F0B-B4C6-45A5-B13F-2EE8D0FB917D): 10
LogDevObjectVersion:   Dev-Physics-Ext (35F94A83-E258-406C-A318-09F59610247C): 41
LogDevObjectVersion:   Dev-PhysicsMaterial-Chaos (B68FC16E-8B1B-42E2-B453-215C058844FE): 1
LogDevObjectVersion:   Dev-CineCamera (B2E18506-4273-CFC2-A54E-F4BB758BBA07): 1
LogDevObjectVersion:   Dev-VirtualProduction (64F58936-FD1B-42BA-BA96-7289D5D0FA4E): 1
LogDevObjectVersion:   Dev-MediaFramework (6F0ED827-A609-4895-9C91-998D90180EA4): 2
LogInit: Presizing for max 25165824 objects, including 0 objects not considered by GC, pre-allocating 0 bytes for permanent pool.
LogConfig: Applying CVar settings from Section [/Script/Engine.StreamingSettings] File [D:/Codes/Unreal/TencentGaming/FPSGame/Saved/Config/Windows/Engine.ini]
LogConfig: Setting CVar [[s.MinBulkDataSizeForAsyncLoading:131072]]
LogConfig: Setting CVar [[s.AsyncLoadingThreadEnabled:0]]
LogConfig: Setting CVar [[s.EventDrivenLoaderEnabled:1]]
LogConfig: Setting CVar [[s.WarnIfTimeLimitExceeded:0]]
LogConfig: Setting CVar [[s.TimeLimitExceededMultiplier:1.5]]
LogConfig: Setting CVar [[s.TimeLimitExceededMinTime:0.005]]
LogConfig: Setting CVar [[s.UseBackgroundLevelStreaming:1]]
LogConfig: Setting CVar [[s.PriorityAsyncLoadingExtraTime:15.0]]
LogConfig: Setting CVar [[s.LevelStreamingActorsUpdateTimeLimit:5.0]]
LogConfig: Setting CVar [[s.PriorityLevelStreamingActorsUpdateExtraTime:5.0]]
LogConfig: Setting CVar [[s.LevelStreamingComponentsRegistrationGranularity:10]]
LogConfig: Setting CVar [[s.UnregisterComponentsTimeLimit:1.0]]
LogConfig: Setting CVar [[s.LevelStreamingComponentsUnregistrationGranularity:5]]
LogConfig: Setting CVar [[s.FlushStreamingOnExit:1]]
LogInit: Object subsystem initialized
LogConfig: Setting CVar [[con.DebugEarlyDefault:1]]
LogConfig: Setting CVar [[r.setres:1280x720]]
[2021.11.04-16.26.46:787][  0]LogConfig: Setting CVar [[r.VSync:0]]
[2021.11.04-16.26.46:787][  0]LogConfig: Setting CVar [[r.RHICmdBypass:0]]
[2021.11.04-16.26.46:787][  0]LogConfig: Applying CVar settings from Section [/Script/Engine.RendererSettings] File [D:/Codes/Unreal/TencentGaming/FPSGame/Saved/Config/Windows/Engine.ini]
[2021.11.04-16.26.46:787][  0]LogConfig: Setting CVar [[r.GPUCrashDebugging:0]]
[2021.11.04-16.26.46:787][  0]LogConfig: Applying CVar settings from Section [/Script/Engine.RendererOverrideSettings] File [D:/Codes/Unreal/TencentGaming/FPSGame/Saved/Config/Windows/Engine.ini]
[2021.11.04-16.26.46:787][  0]LogConfig: Applying CVar settings from Section [/Script/Engine.StreamingSettings] File [D:/Codes/Unreal/TencentGaming/FPSGame/Saved/Config/Windows/Engine.ini]
[2021.11.04-16.26.46:787][  0]LogConfig: Setting CVar [[s.MinBulkDataSizeForAsyncLoading:131072]]
[2021.11.04-16.26.46:787][  0]LogConfig: Setting CVar [[s.AsyncLoadingThreadEnabled:0]]
[2021.11.04-16.26.46:787][  0]LogConfig: Setting CVar [[s.EventDrivenLoaderEnabled:1]]
[2021.11.04-16.26.46:787][  0]LogConfig: Setting CVar [[s.WarnIfTimeLimitExceeded:0]]
[2021.11.04-16.26.46:787][  0]LogConfig: Setting CVar [[s.TimeLimitExceededMultiplier:1.5]]
[2021.11.04-16.26.46:787][  0]LogConfig: Setting CVar [[s.TimeLimitExceededMinTime:0.005]]
[2021.11.04-16.26.46:787][  0]LogConfig: Setting CVar [[s.UseBackgroundLevelStreaming:1]]
[2021.11.04-16.26.46:787][  0]LogConfig: Setting CVar [[s.PriorityAsyncLoadingExtraTime:15.0]]
[2021.11.04-16.26.46:787][  0]LogConfig: Setting CVar [[s.LevelStreamingActorsUpdateTimeLimit:5.0]]
[2021.11.04-16.26.46:787][  0]LogConfig: Setting CVar [[s.PriorityLevelStreamingActorsUpdateExtraTime:5.0]]
[2021.11.04-16.26.46:787][  0]LogConfig: Setting CVar [[s.LevelStreamingComponentsRegistrationGranularity:10]]
[2021.11.04-16.26.46:787][  0]LogConfig: Setting CVar [[s.UnregisterComponentsTimeLimit:1.0]]
[2021.11.04-16.26.46:787][  0]LogConfig: Setting CVar [[s.LevelStreamingComponentsUnregistrationGranularity:5]]
[2021.11.04-16.26.46:787][  0]LogConfig: Setting CVar [[s.FlushStreamingOnExit:1]]
[2021.11.04-16.26.46:787][  0]LogConfig: Applying CVar settings from Section [/Script/Engine.GarbageCollectionSettings] File [D:/Codes/Unreal/TencentGaming/FPSGame/Saved/Config/Windows/Engine.ini]
[2021.11.04-16.26.46:787][  0]LogConfig: Setting CVar [[gc.MaxObjectsNotConsideredByGC:1]]
[2021.11.04-16.26.46:787][  0]LogConfig: Setting CVar [[gc.SizeOfPermanentObjectPool:0]]
[2021.11.04-16.26.46:787][  0]LogConfig: Setting CVar [[gc.FlushStreamingOnGC:0]]
[2021.11.04-16.26.46:787][  0]LogConfig: Setting CVar [[gc.NumRetriesBeforeForcingGC:10]]
[2021.11.04-16.26.46:787][  0]LogConfig: Setting CVar [[gc.AllowParallelGC:1]]
[2021.11.04-16.26.46:787][  0]LogConfig: Setting CVar [[gc.TimeBetweenPurgingPendingKillObjects:61.1]]
[2021.11.04-16.26.46:787][  0]LogConfig: Setting CVar [[gc.MaxObjectsInEditor:25165824]]
[2021.11.04-16.26.46:787][  0]LogConfig: Setting CVar [[gc.IncrementalBeginDestroyEnabled:1]]
[2021.11.04-16.26.46:787][  0]LogConfig: Setting CVar [[gc.CreateGCClusters:1]]
[2021.11.04-16.26.46:787][  0]LogConfig: Setting CVar [[gc.MinGCClusterSize:5]]
[2021.11.04-16.26.46:787][  0]LogConfig: Setting CVar [[gc.ActorClusteringEnabled:0]]
[2021.11.04-16.26.46:787][  0]LogConfig: Setting CVar [[gc.BlueprintClusteringEnabled:0]]
[2021.11.04-16.26.46:787][  0]LogConfig: Setting CVar [[gc.UseDisregardForGCOnDedicatedServers:0]]
[2021.11.04-16.26.46:787][  0]LogConfig: Setting CVar [[gc.MultithreadedDestructionEnabled:1]]
[2021.11.04-16.26.46:787][  0]LogConfig: Applying CVar settings from Section [/Script/Engine.NetworkSettings] File [D:/Codes/Unreal/TencentGaming/FPSGame/Saved/Config/Windows/Engine.ini]
[2021.11.04-16.26.46:787][  0]LogConfig: Applying CVar settings from Section [/Script/UnrealEd.CookerSettings] File [D:/Codes/Unreal/TencentGaming/FPSGame/Saved/Config/Windows/Engine.ini]
[2021.11.04-16.26.46:832][  0]LogConfig: Applying CVar settings from Section [ViewDistanceQuality@3] File [D:/Codes/Unreal/TencentGaming/FPSGame/Saved/Config/Windows/Scalability.ini]
[2021.11.04-16.26.46:832][  0]LogConfig: Setting CVar [[r.SkeletalMeshLODBias:0]]
[2021.11.04-16.26.46:832][  0]LogConfig: Setting CVar [[r.ViewDistanceScale:1.0]]
[2021.11.04-16.26.46:832][  0]LogConfig: Applying CVar settings from Section [AntiAliasingQuality@3] File [D:/Codes/Unreal/TencentGaming/FPSGame/Saved/Config/Windows/Scalability.ini]
[2021.11.04-16.26.46:832][  0]LogConfig: Setting CVar [[r.PostProcessAAQuality:4]]
[2021.11.04-16.26.46:832][  0]LogConfig: Applying CVar settings from Section [ShadowQuality@3] File [D:/Codes/Unreal/TencentGaming/FPSGame/Saved/Config/Windows/Scalability.ini]
[2021.11.04-16.26.46:832][  0]LogConfig: Setting CVar [[r.LightFunctionQuality:1]]
[2021.11.04-16.26.46:832][  0]LogConfig: Setting CVar [[r.ShadowQuality:5]]
[2021.11.04-16.26.46:832][  0]LogConfig: Setting CVar [[r.Shadow.CSM.MaxCascades:10]]
[2021.11.04-16.26.46:832][  0]LogConfig: Setting CVar [[r.Shadow.MaxResolution:2048]]
[2021.11.04-16.26.46:832][  0]LogConfig: Setting CVar [[r.Shadow.MaxCSMResolution:2048]]
[2021.11.04-16.26.46:832][  0]LogConfig: Setting CVar [[r.Shadow.RadiusThreshold:0.01]]
[2021.11.04-16.26.46:832][  0]LogConfig: Setting CVar [[r.Shadow.DistanceScale:1.0]]
[2021.11.04-16.26.46:832][  0]LogConfig: Setting CVar [[r.Shadow.CSM.TransitionScale:1.0]]
[2021.11.04-16.26.46:832][  0]LogConfig: Setting CVar [[r.Shadow.PreShadowResolutionFactor:1.0]]
[2021.11.04-16.26.46:832][  0]LogConfig: Setting CVar [[r.DistanceFieldShadowing:1]]
[2021.11.04-16.26.46:832][  0]LogConfig: Setting CVar [[r.DistanceFieldAO:1]]
[2021.11.04-16.26.46:832][  0]LogConfig: Setting CVar [[r.AOQuality:2]]
[2021.11.04-16.26.46:832][  0]LogConfig: Setting CVar [[r.VolumetricFog:1]]
[2021.11.04-16.26.46:832][  0]LogConfig: Setting CVar [[r.VolumetricFog.GridPixelSize:8]]
[2021.11.04-16.26.46:832][  0]LogConfig: Setting CVar [[r.VolumetricFog.GridSizeZ:128]]
[2021.11.04-16.26.46:832][  0]LogConfig: Setting CVar [[r.VolumetricFog.HistoryMissSupersampleCount:4]]
[2021.11.04-16.26.46:832][  0]LogConfig: Setting CVar [[r.LightMaxDrawDistanceScale:1]]
[2021.11.04-16.26.46:832][  0]LogConfig: Setting CVar [[r.CapsuleShadows:1]]
[2021.11.04-16.26.46:833][  0]LogConfig: Applying CVar settings from Section [PostProcessQuality@3] File [D:/Codes/Unreal/TencentGaming/FPSGame/Saved/Config/Windows/Scalability.ini]
[2021.11.04-16.26.46:833][  0]LogConfig: Setting CVar [[r.MotionBlurQuality:4]]
[2021.11.04-16.26.46:833][  0]LogConfig: Setting CVar [[r.AmbientOcclusionMipLevelFactor:0.4]]
[2021.11.04-16.26.46:833][  0]LogConfig: Setting CVar [[r.AmbientOcclusionMaxQuality:100]]
[2021.11.04-16.26.46:833][  0]LogConfig: Setting CVar [[r.AmbientOcclusionLevels:-1]]
[2021.11.04-16.26.46:833][  0]LogConfig: Setting CVar [[r.AmbientOcclusionRadiusScale:1.0]]
[2021.11.04-16.26.46:833][  0]LogConfig: Setting CVar [[r.DepthOfFieldQuality:2]]
[2021.11.04-16.26.46:833][  0]LogConfig: Setting CVar [[r.RenderTargetPoolMin:400]]
[2021.11.04-16.26.46:833][  0]LogConfig: Setting CVar [[r.LensFlareQuality:2]]
[2021.11.04-16.26.46:833][  0]LogConfig: Setting CVar [[r.SceneColorFringeQuality:1]]
[2021.11.04-16.26.46:833][  0]LogConfig: Setting CVar [[r.EyeAdaptationQuality:2]]
[2021.11.04-16.26.46:833][  0]LogConfig: Setting CVar [[r.BloomQuality:5]]
[2021.11.04-16.26.46:833][  0]LogConfig: Setting CVar [[r.FastBlurThreshold:100]]
[2021.11.04-16.26.46:833][  0]LogConfig: Setting CVar [[r.Upscale.Quality:3]]
[2021.11.04-16.26.46:833][  0]LogConfig: Setting CVar [[r.Tonemapper.GrainQuantization:1]]
[2021.11.04-16.26.46:833][  0]LogConfig: Setting CVar [[r.LightShaftQuality:1]]
[2021.11.04-16.26.46:833][  0]LogConfig: Setting CVar [[r.Filter.SizeScale:1]]
[2021.11.04-16.26.46:833][  0]LogConfig: Setting CVar [[r.Tonemapper.Quality:5]]
[2021.11.04-16.26.46:833][  0]LogConfig: Setting CVar [[r.DOF.Gather.AccumulatorQuality:1        ; higher gathering accumulator quality]]
[2021.11.04-16.26.46:833][  0]LogConfig: Setting CVar [[r.DOF.Gather.PostfilterMethod:1          ; Median3x3 postfilering method]]
[2021.11.04-16.26.46:833][  0]LogConfig: Setting CVar [[r.DOF.Gather.EnableBokehSettings:0       ; no bokeh simulation when gathering]]
[2021.11.04-16.26.46:833][  0]LogConfig: Setting CVar [[r.DOF.Gather.RingCount:4                 ; medium number of samples when gathering]]
[2021.11.04-16.26.46:833][  0]LogConfig: Setting CVar [[r.DOF.Scatter.ForegroundCompositing:1    ; additive foreground scattering]]
[2021.11.04-16.26.46:833][  0]LogConfig: Setting CVar [[r.DOF.Scatter.BackgroundCompositing:2    ; additive background scattering]]
[2021.11.04-16.26.46:833][  0]LogConfig: Setting CVar [[r.DOF.Scatter.EnableBokehSettings:1      ; bokeh simulation when scattering]]
[2021.11.04-16.26.46:834][  0]LogConfig: Setting CVar [[r.DOF.Scatter.MaxSpriteRatio:0.1         ; only a maximum of 10% of scattered bokeh]]
[2021.11.04-16.26.46:834][  0]LogConfig: Setting CVar [[r.DOF.Recombine.Quality:1                ; cheap slight out of focus]]
[2021.11.04-16.26.46:834][  0]LogConfig: Setting CVar [[r.DOF.Recombine.EnableBokehSettings:0    ; no bokeh simulation on slight out of focus]]
[2021.11.04-16.26.46:834][  0]LogConfig: Setting CVar [[r.DOF.TemporalAAQuality:1                ; more stable temporal accumulation]]
[2021.11.04-16.26.46:834][  0]LogConfig: Setting CVar [[r.DOF.Kernel.MaxForegroundRadius:0.025]]
[2021.11.04-16.26.46:834][  0]LogConfig: Setting CVar [[r.DOF.Kernel.MaxBackgroundRadius:0.025]]
[2021.11.04-16.26.46:834][  0]LogConfig: Applying CVar settings from Section [TextureQuality@3] File [D:/Codes/Unreal/TencentGaming/FPSGame/Saved/Config/Windows/Scalability.ini]
[2021.11.04-16.26.46:834][  0]LogConfig: Setting CVar [[r.Streaming.MipBias:0]]
[2021.11.04-16.26.46:834][  0]LogConfig: Setting CVar [[r.Streaming.AmortizeCPUToGPUCopy:0]]
[2021.11.04-16.26.46:834][  0]LogConfig: Setting CVar [[r.Streaming.MaxNumTexturesToStreamPerFrame:0]]
[2021.11.04-16.26.46:834][  0]LogConfig: Setting CVar [[r.Streaming.Boost:1]]
[2021.11.04-16.26.46:834][  0]LogConfig: Setting CVar [[r.MaxAnisotropy:8]]
[2021.11.04-16.26.46:834][  0]LogConfig: Setting CVar [[r.VT.MaxAnisotropy:8]]
[2021.11.04-16.26.46:834][  0]LogConfig: Setting CVar [[r.Streaming.LimitPoolSizeToVRAM:0]]
[2021.11.04-16.26.46:834][  0]LogConfig: Setting CVar [[r.Streaming.PoolSize:1000]]
[2021.11.04-16.26.46:834][  0]LogConfig: Setting CVar [[r.Streaming.MaxEffectiveScreenSize:0]]
[2021.11.04-16.26.46:834][  0]LogConfig: Applying CVar settings from Section [EffectsQuality@3] File [D:/Codes/Unreal/TencentGaming/FPSGame/Saved/Config/Windows/Scalability.ini]
[2021.11.04-16.26.46:834][  0]LogConfig: Setting CVar [[r.TranslucencyLightingVolumeDim:64]]
[2021.11.04-16.26.46:834][  0]LogConfig: Setting CVar [[r.RefractionQuality:2]]
[2021.11.04-16.26.46:834][  0]LogConfig: Setting CVar [[r.SSR.Quality:3]]
[2021.11.04-16.26.46:834][  0]LogConfig: Setting CVar [[r.SSR.HalfResSceneColor:0]]
[2021.11.04-16.26.46:834][  0]LogConfig: Setting CVar [[r.SceneColorFormat:4]]
[2021.11.04-16.26.46:834][  0]LogConfig: Setting CVar [[r.DetailMode:2]]
[2021.11.04-16.26.46:834][  0]LogConfig: Setting CVar [[r.TranslucencyVolumeBlur:1]]
[2021.11.04-16.26.46:834][  0]LogConfig: Setting CVar [[r.MaterialQualityLevel:1 ; High quality]]
[2021.11.04-16.26.46:834][  0]LogConfig: Setting CVar [[r.AnisotropicMaterials:1]]
[2021.11.04-16.26.46:834][  0]LogConfig: Setting CVar [[r.SSS.Scale:1]]
[2021.11.04-16.26.46:834][  0]LogConfig: Setting CVar [[r.SSS.SampleSet:2]]
[2021.11.04-16.26.46:835][  0]LogConfig: Setting CVar [[r.SSS.Quality:1]]
[2021.11.04-16.26.46:835][  0]LogConfig: Setting CVar [[r.SSS.HalfRes:0]]
[2021.11.04-16.26.46:835][  0]LogConfig: Setting CVar [[r.SSGI.Quality:3]]
[2021.11.04-16.26.46:835][  0]LogConfig: Setting CVar [[r.EmitterSpawnRateScale:1.0]]
[2021.11.04-16.26.46:835][  0]LogConfig: Setting CVar [[r.ParticleLightQuality:2]]
[2021.11.04-16.26.46:835][  0]LogConfig: Setting CVar [[r.SkyAtmosphere.AerialPerspectiveLUT.FastApplyOnOpaque:1 ; Always have FastSkyLUT 1 in this case to avoid wrong sky]]
[2021.11.04-16.26.46:835][  0]LogConfig: Setting CVar [[r.SkyAtmosphere.AerialPerspectiveLUT.SampleCountMaxPerSlice:4]]
[2021.11.04-16.26.46:835][  0]LogConfig: Setting CVar [[r.SkyAtmosphere.AerialPerspectiveLUT.DepthResolution:16.0]]
[2021.11.04-16.26.46:835][  0]LogConfig: Setting CVar [[r.SkyAtmosphere.FastSkyLUT:1]]
[2021.11.04-16.26.46:835][  0]LogConfig: Setting CVar [[r.SkyAtmosphere.FastSkyLUT.SampleCountMin:4.0]]
[2021.11.04-16.26.46:835][  0]LogConfig: Setting CVar [[r.SkyAtmosphere.FastSkyLUT.SampleCountMax:128.0]]
[2021.11.04-16.26.46:835][  0]LogConfig: Setting CVar [[r.SkyAtmosphere.SampleCountMin:4.0]]
[2021.11.04-16.26.46:835][  0]LogConfig: Setting CVar [[r.SkyAtmosphere.SampleCountMax:128.0]]
[2021.11.04-16.26.46:835][  0]LogConfig: Setting CVar [[r.SkyAtmosphere.TransmittanceLUT.UseSmallFormat:0]]
[2021.11.04-16.26.46:835][  0]LogConfig: Setting CVar [[r.SkyAtmosphere.TransmittanceLUT.SampleCount:10.0]]
[2021.11.04-16.26.46:835][  0]LogConfig: Setting CVar [[r.SkyAtmosphere.MultiScatteringLUT.SampleCount:15.0]]
[2021.11.04-16.26.46:835][  0]LogConfig: Setting CVar [[r.SkyLight.RealTimeReflectionCapture:1]]
[2021.11.04-16.26.46:835][  0]LogConfig: Applying CVar settings from Section [FoliageQuality@3] File [D:/Codes/Unreal/TencentGaming/FPSGame/Saved/Config/Windows/Scalability.ini]
[2021.11.04-16.26.46:835][  0]LogConfig: Setting CVar [[foliage.DensityScale:1.0]]
[2021.11.04-16.26.46:835][  0]LogConfig: Setting CVar [[grass.DensityScale:1.0]]
[2021.11.04-16.26.46:835][  0]LogConfig: Applying CVar settings from Section [ShadingQuality@3] File [D:/Codes/Unreal/TencentGaming/FPSGame/Saved/Config/Windows/Scalability.ini]
[2021.11.04-16.26.46:835][  0]LogConfig: Setting CVar [[r.HairStrands.SkyLighting.IntegrationType:2]]
[2021.11.04-16.26.46:835][  0]LogConfig: Setting CVar [[r.HairStrands.SkyAO.SampleCount:4]]
[2021.11.04-16.26.46:835][  0]LogConfig: Setting CVar [[r.HairStrands.Visibility.MSAA.SamplePerPixel:4]]
[2021.11.04-16.26.46:835][  0]LogInit: Selected Device Profile: [Windows]
[2021.11.04-16.26.46:835][  0]LogInit: Applying CVar settings loaded from the selected device profile: [Windows]
[2021.11.04-16.26.46:836][  0]LogHAL: Display: Platform has ~ 64 GB [68383117312 / 68719476736 / 64], which maps to Largest [LargestMinGB=32, LargerMinGB=12, DefaultMinGB=8, SmallerMinGB=6, SmallestMinGB=0)
[2021.11.04-16.26.46:836][  0]LogInit: Going up to parent DeviceProfile []
[2021.11.04-16.26.46:836][  0]LogConfig: Applying CVar settings from Section [ViewDistanceQuality@3] File [D:/Codes/Unreal/TencentGaming/FPSGame/Saved/Config/Windows/Scalability.ini]
[2021.11.04-16.26.46:836][  0]LogConfig: Setting CVar [[r.SkeletalMeshLODBias:0]]
[2021.11.04-16.26.46:836][  0]LogConfig: Setting CVar [[r.ViewDistanceScale:1.0]]
[2021.11.04-16.26.46:836][  0]LogConfig: Applying CVar settings from Section [AntiAliasingQuality@3] File [D:/Codes/Unreal/TencentGaming/FPSGame/Saved/Config/Windows/Scalability.ini]
[2021.11.04-16.26.46:836][  0]LogConfig: Setting CVar [[r.PostProcessAAQuality:4]]
[2021.11.04-16.26.46:836][  0]LogConfig: Applying CVar settings from Section [ShadowQuality@3] File [D:/Codes/Unreal/TencentGaming/FPSGame/Saved/Config/Windows/Scalability.ini]
[2021.11.04-16.26.46:836][  0]LogConfig: Setting CVar [[r.LightFunctionQuality:1]]
[2021.11.04-16.26.46:836][  0]LogConfig: Setting CVar [[r.ShadowQuality:5]]
[2021.11.04-16.26.46:836][  0]LogConfig: Setting CVar [[r.Shadow.CSM.MaxCascades:10]]
[2021.11.04-16.26.46:836][  0]LogConfig: Setting CVar [[r.Shadow.MaxResolution:2048]]
[2021.11.04-16.26.46:836][  0]LogConfig: Setting CVar [[r.Shadow.MaxCSMResolution:2048]]
[2021.11.04-16.26.46:836][  0]LogConfig: Setting CVar [[r.Shadow.RadiusThreshold:0.01]]
[2021.11.04-16.26.46:836][  0]LogConfig: Setting CVar [[r.Shadow.DistanceScale:1.0]]
[2021.11.04-16.26.46:836][  0]LogConfig: Setting CVar [[r.Shadow.CSM.TransitionScale:1.0]]
[2021.11.04-16.26.46:836][  0]LogConfig: Setting CVar [[r.Shadow.PreShadowResolutionFactor:1.0]]
[2021.11.04-16.26.46:836][  0]LogConfig: Setting CVar [[r.DistanceFieldShadowing:1]]
[2021.11.04-16.26.46:836][  0]LogConfig: Setting CVar [[r.DistanceFieldAO:1]]
[2021.11.04-16.26.46:836][  0]LogConfig: Setting CVar [[r.AOQuality:2]]
[2021.11.04-16.26.46:836][  0]LogConfig: Setting CVar [[r.VolumetricFog:1]]
[2021.11.04-16.26.46:837][  0]LogConfig: Setting CVar [[r.VolumetricFog.GridPixelSize:8]]
[2021.11.04-16.26.46:837][  0]LogConfig: Setting CVar [[r.VolumetricFog.GridSizeZ:128]]
[2021.11.04-16.26.46:837][  0]LogConfig: Setting CVar [[r.VolumetricFog.HistoryMissSupersampleCount:4]]
[2021.11.04-16.26.46:837][  0]LogConfig: Setting CVar [[r.LightMaxDrawDistanceScale:1]]
[2021.11.04-16.26.46:837][  0]LogConfig: Setting CVar [[r.CapsuleShadows:1]]
[2021.11.04-16.26.46:837][  0]LogConfig: Applying CVar settings from Section [PostProcessQuality@3] File [D:/Codes/Unreal/TencentGaming/FPSGame/Saved/Config/Windows/Scalability.ini]
[2021.11.04-16.26.46:837][  0]LogConfig: Setting CVar [[r.MotionBlurQuality:4]]
[2021.11.04-16.26.46:837][  0]LogConfig: Setting CVar [[r.AmbientOcclusionMipLevelFactor:0.4]]
[2021.11.04-16.26.46:837][  0]LogConfig: Setting CVar [[r.AmbientOcclusionMaxQuality:100]]
[2021.11.04-16.26.46:837][  0]LogConfig: Setting CVar [[r.AmbientOcclusionLevels:-1]]
[2021.11.04-16.26.46:837][  0]LogConfig: Setting CVar [[r.AmbientOcclusionRadiusScale:1.0]]
[2021.11.04-16.26.46:837][  0]LogConfig: Setting CVar [[r.DepthOfFieldQuality:2]]
[2021.11.04-16.26.46:837][  0]LogConfig: Setting CVar [[r.RenderTargetPoolMin:400]]
[2021.11.04-16.26.46:837][  0]LogConfig: Setting CVar [[r.LensFlareQuality:2]]
[2021.11.04-16.26.46:837][  0]LogConfig: Setting CVar [[r.SceneColorFringeQuality:1]]
[2021.11.04-16.26.46:837][  0]LogConfig: Setting CVar [[r.EyeAdaptationQuality:2]]
[2021.11.04-16.26.46:837][  0]LogConfig: Setting CVar [[r.BloomQuality:5]]
[2021.11.04-16.26.46:837][  0]LogConfig: Setting CVar [[r.FastBlurThreshold:100]]
[2021.11.04-16.26.46:837][  0]LogConfig: Setting CVar [[r.Upscale.Quality:3]]
[2021.11.04-16.26.46:837][  0]LogConfig: Setting CVar [[r.Tonemapper.GrainQuantization:1]]
[2021.11.04-16.26.46:837][  0]LogConfig: Setting CVar [[r.LightShaftQuality:1]]
[2021.11.04-16.26.46:837][  0]LogConfig: Setting CVar [[r.Filter.SizeScale:1]]
[2021.11.04-16.26.46:837][  0]LogConfig: Setting CVar [[r.Tonemapper.Quality:5]]
[2021.11.04-16.26.46:837][  0]LogConfig: Setting CVar [[r.DOF.Gather.AccumulatorQuality:1        ; higher gathering accumulator quality]]
[2021.11.04-16.26.46:837][  0]LogConfig: Setting CVar [[r.DOF.Gather.PostfilterMethod:1          ; Median3x3 postfilering method]]
[2021.11.04-16.26.46:837][  0]LogConfig: Setting CVar [[r.DOF.Gather.EnableBokehSettings:0       ; no bokeh simulation when gathering]]
[2021.11.04-16.26.46:837][  0]LogConfig: Setting CVar [[r.DOF.Gather.RingCount:4                 ; medium number of samples when gathering]]
[2021.11.04-16.26.46:837][  0]LogConfig: Setting CVar [[r.DOF.Scatter.ForegroundCompositing:1    ; additive foreground scattering]]
[2021.11.04-16.26.46:838][  0]LogConfig: Setting CVar [[r.DOF.Scatter.BackgroundCompositing:2    ; additive background scattering]]
[2021.11.04-16.26.46:838][  0]LogConfig: Setting CVar [[r.DOF.Scatter.EnableBokehSettings:1      ; bokeh simulation when scattering]]
[2021.11.04-16.26.46:838][  0]LogConfig: Setting CVar [[r.DOF.Scatter.MaxSpriteRatio:0.1         ; only a maximum of 10% of scattered bokeh]]
[2021.11.04-16.26.46:838][  0]LogConfig: Setting CVar [[r.DOF.Recombine.Quality:1                ; cheap slight out of focus]]
[2021.11.04-16.26.46:838][  0]LogConfig: Setting CVar [[r.DOF.Recombine.EnableBokehSettings:0    ; no bokeh simulation on slight out of focus]]
[2021.11.04-16.26.46:838][  0]LogConfig: Setting CVar [[r.DOF.TemporalAAQuality:1                ; more stable temporal accumulation]]
[2021.11.04-16.26.46:838][  0]LogConfig: Setting CVar [[r.DOF.Kernel.MaxForegroundRadius:0.025]]
[2021.11.04-16.26.46:838][  0]LogConfig: Setting CVar [[r.DOF.Kernel.MaxBackgroundRadius:0.025]]
[2021.11.04-16.26.46:838][  0]LogConfig: Applying CVar settings from Section [TextureQuality@3] File [D:/Codes/Unreal/TencentGaming/FPSGame/Saved/Config/Windows/Scalability.ini]
[2021.11.04-16.26.46:838][  0]LogConfig: Setting CVar [[r.Streaming.MipBias:0]]
[2021.11.04-16.26.46:838][  0]LogConfig: Setting CVar [[r.Streaming.AmortizeCPUToGPUCopy:0]]
[2021.11.04-16.26.46:838][  0]LogConfig: Setting CVar [[r.Streaming.MaxNumTexturesToStreamPerFrame:0]]
[2021.11.04-16.26.46:838][  0]LogConfig: Setting CVar [[r.Streaming.Boost:1]]
[2021.11.04-16.26.46:838][  0]LogConfig: Setting CVar [[r.MaxAnisotropy:8]]
[2021.11.04-16.26.46:838][  0]LogConfig: Setting CVar [[r.VT.MaxAnisotropy:8]]
[2021.11.04-16.26.46:838][  0]LogConfig: Setting CVar [[r.Streaming.LimitPoolSizeToVRAM:0]]
[2021.11.04-16.26.46:838][  0]LogConfig: Setting CVar [[r.Streaming.PoolSize:1000]]
[2021.11.04-16.26.46:838][  0]LogConfig: Setting CVar [[r.Streaming.MaxEffectiveScreenSize:0]]
[2021.11.04-16.26.46:838][  0]LogConfig: Applying CVar settings from Section [EffectsQuality@3] File [D:/Codes/Unreal/TencentGaming/FPSGame/Saved/Config/Windows/Scalability.ini]
[2021.11.04-16.26.46:838][  0]LogConfig: Setting CVar [[r.TranslucencyLightingVolumeDim:64]]
[2021.11.04-16.26.46:838][  0]LogConfig: Setting CVar [[r.RefractionQuality:2]]
[2021.11.04-16.26.46:838][  0]LogConfig: Setting CVar [[r.SSR.Quality:3]]
[2021.11.04-16.26.46:838][  0]LogConfig: Setting CVar [[r.SSR.HalfResSceneColor:0]]
[2021.11.04-16.26.46:838][  0]LogConfig: Setting CVar [[r.SceneColorFormat:4]]
[2021.11.04-16.26.46:839][  0]LogConfig: Setting CVar [[r.DetailMode:2]]
[2021.11.04-16.26.46:839][  0]LogConfig: Setting CVar [[r.TranslucencyVolumeBlur:1]]
[2021.11.04-16.26.46:839][  0]LogConfig: Setting CVar [[r.MaterialQualityLevel:1 ; High quality]]
[2021.11.04-16.26.46:839][  0]LogConfig: Setting CVar [[r.AnisotropicMaterials:1]]
[2021.11.04-16.26.46:839][  0]LogConfig: Setting CVar [[r.SSS.Scale:1]]
[2021.11.04-16.26.46:839][  0]LogConfig: Setting CVar [[r.SSS.SampleSet:2]]
[2021.11.04-16.26.46:839][  0]LogConfig: Setting CVar [[r.SSS.Quality:1]]
[2021.11.04-16.26.46:839][  0]LogConfig: Setting CVar [[r.SSS.HalfRes:0]]
[2021.11.04-16.26.46:839][  0]LogConfig: Setting CVar [[r.SSGI.Quality:3]]
[2021.11.04-16.26.46:839][  0]LogConfig: Setting CVar [[r.EmitterSpawnRateScale:1.0]]
[2021.11.04-16.26.46:839][  0]LogConfig: Setting CVar [[r.ParticleLightQuality:2]]
[2021.11.04-16.26.46:839][  0]LogConfig: Setting CVar [[r.SkyAtmosphere.AerialPerspectiveLUT.FastApplyOnOpaque:1 ; Always have FastSkyLUT 1 in this case to avoid wrong sky]]
[2021.11.04-16.26.46:839][  0]LogConfig: Setting CVar [[r.SkyAtmosphere.AerialPerspectiveLUT.SampleCountMaxPerSlice:4]]
[2021.11.04-16.26.46:839][  0]LogConfig: Setting CVar [[r.SkyAtmosphere.AerialPerspectiveLUT.DepthResolution:16.0]]
[2021.11.04-16.26.46:839][  0]LogConfig: Setting CVar [[r.SkyAtmosphere.FastSkyLUT:1]]
[2021.11.04-16.26.46:839][  0]LogConfig: Setting CVar [[r.SkyAtmosphere.FastSkyLUT.SampleCountMin:4.0]]
[2021.11.04-16.26.46:839][  0]LogConfig: Setting CVar [[r.SkyAtmosphere.FastSkyLUT.SampleCountMax:128.0]]
[2021.11.04-16.26.46:839][  0]LogConfig: Setting CVar [[r.SkyAtmosphere.SampleCountMin:4.0]]
[2021.11.04-16.26.46:839][  0]LogConfig: Setting CVar [[r.SkyAtmosphere.SampleCountMax:128.0]]
[2021.11.04-16.26.46:839][  0]LogConfig: Setting CVar [[r.SkyAtmosphere.TransmittanceLUT.UseSmallFormat:0]]
[2021.11.04-16.26.46:839][  0]LogConfig: Setting CVar [[r.SkyAtmosphere.TransmittanceLUT.SampleCount:10.0]]
[2021.11.04-16.26.46:839][  0]LogConfig: Setting CVar [[r.SkyAtmosphere.MultiScatteringLUT.SampleCount:15.0]]
[2021.11.04-16.26.46:839][  0]LogConfig: Setting CVar [[r.SkyLight.RealTimeReflectionCapture:1]]
[2021.11.04-16.26.46:839][  0]LogConfig: Applying CVar settings from Section [FoliageQuality@3] File [D:/Codes/Unreal/TencentGaming/FPSGame/Saved/Config/Windows/Scalability.ini]
[2021.11.04-16.26.46:839][  0]LogConfig: Setting CVar [[foliage.DensityScale:1.0]]
[2021.11.04-16.26.46:839][  0]LogConfig: Setting CVar [[grass.DensityScale:1.0]]
[2021.11.04-16.26.46:839][  0]LogConfig: Applying CVar settings from Section [ShadingQuality@3] File [D:/Codes/Unreal/TencentGaming/FPSGame/Saved/Config/Windows/Scalability.ini]
[2021.11.04-16.26.46:840][  0]LogConfig: Setting CVar [[r.HairStrands.SkyLighting.IntegrationType:2]]
[2021.11.04-16.26.46:840][  0]LogConfig: Setting CVar [[r.HairStrands.SkyAO.SampleCount:4]]
[2021.11.04-16.26.46:840][  0]LogConfig: Setting CVar [[r.HairStrands.Visibility.MSAA.SamplePerPixel:4]]
[2021.11.04-16.26.46:840][  0]LogConfig: Applying CVar settings from Section [Startup] File [../../../Engine/Config/ConsoleVariables.ini]
[2021.11.04-16.26.46:840][  0]LogConfig: Setting CVar [[net.UseAdaptiveNetUpdateFrequency:0]]
[2021.11.04-16.26.46:840][  0]LogConfig: Setting CVar [[p.chaos.AllowCreatePhysxBodies:1]]
[2021.11.04-16.26.46:840][  0]LogConfig: Setting CVar [[fx.SkipVectorVMBackendOptimizations:1]]
[2021.11.04-16.26.46:840][  0]LogConfig: Applying CVar settings from Section [ConsoleVariables] File [D:/Codes/Unreal/TencentGaming/FPSGame/Saved/Config/Windows/Engine.ini]
[2021.11.04-16.26.46:840][  0]LogConfig: Applying CVar settings from Section [ConsoleVariables] File [D:/Codes/Unreal/TencentGaming/FPSGame/Saved/Config/Windows/Editor.ini]
[2021.11.04-16.26.46:841][  0]LogInit: Computer: DESKTOP-911E3CF
[2021.11.04-16.26.46:841][  0]LogInit: User: ququ
[2021.11.04-16.26.46:841][  0]LogInit: CPU Page size=4096, Cores=10
[2021.11.04-16.26.46:841][  0]LogInit: High frequency timer resolution =10.000000 MHz
[2021.11.04-16.26.46:841][  0]LogMemory: Memory total: Physical=63.7GB (64GB approx)
[2021.11.04-16.26.46:841][  0]LogMemory: Platform Memory Stats for Windows
[2021.11.04-16.26.46:841][  0]LogMemory: Process Physical Memory: 147.09 MB used, 147.09 MB peak
[2021.11.04-16.26.46:841][  0]LogMemory: Process Virtual Memory: 125.96 MB used, 125.96 MB peak
[2021.11.04-16.26.46:841][  0]LogMemory: Physical Memory: 20177.11 MB used,  45038.11 MB free, 65215.22 MB total
[2021.11.04-16.26.46:841][  0]LogMemory: Virtual Memory: 134174288.00 MB used,  43442.55 MB free, 134217728.00 MB total
[2021.11.04-16.26.46:855][  0]LogWindows: WindowsPlatformFeatures enabled
[2021.11.04-16.26.46:935][  0]LogInit: Physics initialised using underlying interface: PhysX
[2021.11.04-16.26.46:936][  0]LogInit: Using OS detected language (en-US).
[2021.11.04-16.26.46:937][  0]LogInit: Using OS detected locale (en-US).
[2021.11.04-16.26.46:940][  0]LogTextLocalizationManager: No specific localization for 'en-US' exists, so the 'en' localization will be used.
[2021.11.04-16.26.47:154][  0]LogInit: Setting process to per monitor DPI aware
[2021.11.04-16.26.47:245][  0]LogWindowsTextInputMethodSystem: Display: IME system deactivated.
[2021.11.04-16.26.47:282][  0]LogSlate: New Slate User Created.  User Index 0, Is Virtual User: 0
[2021.11.04-16.26.47:282][  0]LogSlate: Slate User Registered.  User Index 0, Is Virtual User: 0
[2021.11.04-16.26.47:429][  0]LogD3D11RHI: Loaded GFSDK_Aftermath_Lib.x64.dll
[2021.11.04-16.26.47:435][  0]LogHMD: Failed to initialize OpenVR with code 110
[2021.11.04-16.26.47:435][  0]LogD3D11RHI: D3D11 min allowed feature level: 11_0
[2021.11.04-16.26.47:435][  0]LogD3D11RHI: D3D11 max allowed feature level: 11_0
[2021.11.04-16.26.47:435][  0]LogD3D11RHI: D3D11 adapters:
[2021.11.04-16.26.47:576][  0]LogD3D11RHI:    0. 'NVIDIA GeForce RTX 3090' (Feature Level 11_0)
[2021.11.04-16.26.47:576][  0]LogD3D11RHI:       24348/0/32607 MB DedicatedVideo/DedicatedSystem/SharedSystem, Outputs:2, VendorId:0x10de
[2021.11.04-16.26.47:580][  0]LogD3D11RHI:    1. 'Microsoft Basic Render Driver' (Feature Level 11_0)
[2021.11.04-16.26.47:580][  0]LogD3D11RHI:       0/0/32607 MB DedicatedVideo/DedicatedSystem/SharedSystem, Outputs:0, VendorId:0x1414
[2021.11.04-16.26.47:580][  0]LogD3D11RHI: Chosen D3D11 Adapter: 0
[2021.11.04-16.26.47:597][  0]LogD3D11RHI: Creating new Direct3DDevice
[2021.11.04-16.26.47:597][  0]LogD3D11RHI:     GPU DeviceId: 0x2204 (for the marketing name, search the web for "GPU Device Id")
[2021.11.04-16.26.47:597][  0]LogWindows: EnumDisplayDevices:
[2021.11.04-16.26.47:597][  0]LogWindows:    0. 'NVIDIA GeForce RTX 3090' (P:0 D:1)
[2021.11.04-16.26.47:598][  0]LogWindows:    1. 'NVIDIA GeForce RTX 3090' (P:1 D:1)
[2021.11.04-16.26.47:599][  0]LogWindows:    2. 'NVIDIA GeForce RTX 3090' (P:0 D:0)
[2021.11.04-16.26.47:600][  0]LogWindows:    3. 'NVIDIA GeForce RTX 3090' (P:0 D:0)
[2021.11.04-16.26.47:600][  0]LogWindows: DebugString: FoundDriverCount:4 
[2021.11.04-16.26.47:600][  0]LogD3D11RHI:     Adapter Name: NVIDIA GeForce RTX 3090
[2021.11.04-16.26.47:600][  0]LogD3D11RHI:   Driver Version: 471.11 (internal:30.0.14.7111, unified:471.11)
[2021.11.04-16.26.47:600][  0]LogD3D11RHI:      Driver Date: 6-21-2021
[2021.11.04-16.26.47:600][  0]LogRHI: Texture pool is 17043 MB (70% of 24348 MB)
[2021.11.04-16.26.47:712][  0]LogD3D11RHI: RHI has support for 64 bit atomics
[2021.11.04-16.26.47:713][  0]LogD3D11RHI: Async texture creation enabled
[2021.11.04-16.26.47:713][  0]LogD3D11RHI: Array index from any shader is supported
[2021.11.04-16.26.47:749][  0]LogD3D11RHI: GPU Timing Frequency: 1000.000000 (Debug: 2 2)
[2021.11.04-16.26.47:800][  0]LogRHI: GeForceNow SDK initialized: 1
[2021.11.04-16.26.48:430][  0]LogTargetPlatformManager: Display: Loaded TargetPlatform 'AllDesktop'
[2021.11.04-16.26.48:452][  0]LogTargetPlatformManager: Display: Loaded TargetPlatform 'Android'
[2021.11.04-16.26.48:452][  0]LogTargetPlatformManager: Display: Loaded TargetPlatform 'Android_ASTC'
[2021.11.04-16.26.48:452][  0]LogTargetPlatformManager: Display: Loaded TargetPlatform 'Android_DXT'
[2021.11.04-16.26.48:452][  0]LogTargetPlatformManager: Display: Loaded TargetPlatform 'Android_ETC2'
[2021.11.04-16.26.48:452][  0]LogTargetPlatformManager: Display: Loaded TargetPlatform 'AndroidClient'
[2021.11.04-16.26.48:452][  0]LogTargetPlatformManager: Display: Loaded TargetPlatform 'Android_ASTCClient'
[2021.11.04-16.26.48:452][  0]LogTargetPlatformManager: Display: Loaded TargetPlatform 'Android_DXTClient'
[2021.11.04-16.26.48:452][  0]LogTargetPlatformManager: Display: Loaded TargetPlatform 'Android_ETC2Client'
[2021.11.04-16.26.48:452][  0]LogTargetPlatformManager: Display: Loaded TargetPlatform 'Android_Multi'
[2021.11.04-16.26.48:452][  0]LogTargetPlatformManager: Display: Loaded TargetPlatform 'Android_MultiClient'
[2021.11.04-16.26.48:473][  0]LogTargetPlatformManager: Display: Loaded TargetPlatform 'IOSClient'
[2021.11.04-16.26.48:473][  0]LogTargetPlatformManager: Display: Loaded TargetPlatform 'IOS'
[2021.11.04-16.26.48:498][  0]LogTargetPlatformManager: Display: Loaded TargetPlatform 'Lumin'
[2021.11.04-16.26.48:498][  0]LogTargetPlatformManager: Display: Loaded TargetPlatform 'LuminClient'
[2021.11.04-16.26.48:508][  0]LogTargetPlatformManager: Display: Loaded TargetPlatform 'MacNoEditor'
[2021.11.04-16.26.48:514][  0]LogTargetPlatformManager: Display: Loaded TargetPlatform 'Mac'
[2021.11.04-16.26.48:519][  0]LogTargetPlatformManager: Display: Loaded TargetPlatform 'MacClient'
[2021.11.04-16.26.48:523][  0]LogTargetPlatformManager: Display: Loaded TargetPlatform 'MacServer'
[2021.11.04-16.26.48:535][  0]LogTargetPlatformManager: Display: Loaded TargetPlatform 'TVOSClient'
[2021.11.04-16.26.48:535][  0]LogTargetPlatformManager: Display: Loaded TargetPlatform 'TVOS'
[2021.11.04-16.26.48:543][  0]LogTargetPlatformManager: Display: Loaded TargetPlatform 'WindowsNoEditor'
[2021.11.04-16.26.48:549][  0]LogTargetPlatformManager: Display: Loaded TargetPlatform 'Windows'
[2021.11.04-16.26.48:555][  0]LogTargetPlatformManager: Display: Loaded TargetPlatform 'WindowsClient'
[2021.11.04-16.26.48:563][  0]LogTargetPlatformManager: Display: Loaded TargetPlatform 'WindowsServer'
[2021.11.04-16.26.48:563][  0]LogTargetPlatformManager: Display: Building Assets For Windows
[2021.11.04-16.26.48:573][  0]LogAudioDebug: Display: Lib vorbis DLL was dynamically loaded.
[2021.11.04-16.26.48:626][  0]LogTextureFormatOodle: Display: Oodle Texture 2.9.0 init RDO Off
[2021.11.04-16.26.48:664][  0]LogRendererCore: Ray tracing is disabled. Reason: r.RayTracing=0.
[2021.11.04-16.26.48:665][  0]LogShaderCompilers: Guid format shader working directory is 1 characters bigger than the processId version (../../../../../Unreal/TencentGaming/FPSGame/Intermediate/Shaders/WorkingDirectory/23292/).
[2021.11.04-16.26.48:665][  0]LogShaderCompilers: Cleaned the shader compiler working directory 'C:/Users/ququ/AppData/Local/Temp/UnrealShaderWorkingDir/989C43D441D2EDAFC20060AA56BF5D94/'.
[2021.11.04-16.26.48:665][  0]LogXGEController: Cannot use XGE Controller as Incredibuild is not installed on this machine.
[2021.11.04-16.26.48:666][  0]LogShaderCompilers: Cannot use XGE Shader Compiler as Incredibuild is not installed on this machine.
[2021.11.04-16.26.48:666][  0]LogShaderCompilers: Display: Using Local Shader Compiler.
[2021.11.04-16.26.49:336][  0]LogDerivedDataCache: Display: Max Cache Size: 512 MB
[2021.11.04-16.26.49:415][  0]LogDerivedDataCache: Loaded boot cache 0.08s 98MB ../../../../../Unreal/TencentGaming/FPSGame/DerivedDataCache/Boot.ddc.
[2021.11.04-16.26.49:415][  0]LogDerivedDataCache: Display: Loaded Boot cache: ../../../../../Unreal/TencentGaming/FPSGame/DerivedDataCache/Boot.ddc
[2021.11.04-16.26.49:415][  0]LogDerivedDataCache: FDerivedDataBackendGraph:  Pak pak cache file ../../../../../Unreal/TencentGaming/FPSGame/DerivedDataCache/DDC.ddp not found, will not use a pak cache.
[2021.11.04-16.26.49:415][  0]LogDerivedDataCache: Unable to find inner node Pak for hierarchical cache Hierarchy.
[2021.11.04-16.26.49:415][  0]LogDerivedDataCache: FDerivedDataBackendGraph:  EnginePak pak cache file ../../../Engine/DerivedDataCache/DDC.ddp not found, will not use a pak cache.
[2021.11.04-16.26.49:415][  0]LogDerivedDataCache: Unable to find inner node EnginePak for hierarchical cache Hierarchy.
[2021.11.04-16.26.49:452][  0]LogDerivedDataCache: Speed tests for ../../../Engine/DerivedDataCache took 0.04 seconds
[2021.11.04-16.26.49:452][  0]LogDerivedDataCache: Display: Performance to ../../../Engine/DerivedDataCache: Latency=0.01ms. RandomReadSpeed=1616.00MBs, RandomWriteSpeed=25.40MBs. Assigned SpeedClass 'Local'
[2021.11.04-16.26.49:453][  0]LogDerivedDataCache: Using Local data cache path ../../../Engine/DerivedDataCache: Writable
[2021.11.04-16.26.49:453][  0]LogDerivedDataCache: Shared data cache path not found in *engine.ini, will not use an Shared cache.
[2021.11.04-16.26.49:453][  0]LogDerivedDataCache: Unable to find inner node Shared for hierarchical cache Hierarchy.
[2021.11.04-16.26.49:493][  0]LogSlate: Using FreeType 2.10.0
[2021.11.04-16.26.49:493][  0]LogSlate: SlateFontServices - WITH_FREETYPE: 1, WITH_HARFBUZZ: 1
[2021.11.04-16.26.49:524][  0]LogAssetRegistry: FAssetRegistry took 0.0025 seconds to start up
[2021.11.04-16.26.49:732][  0]LogInit: Selected Device Profile: [Windows]
[2021.11.04-16.26.49:732][  0]LogInit: Active device profile: [0000023C0496DE00][0000023C796CEE80 49] Windows
[2021.11.04-16.26.49:732][  0]LogInit: Profiles: [0000023C0496DE00][0000023C796CEE80 49] Windows, [0000023C04915C00][0000023C03D5B000 49] WindowsNoEditor, [0000023C0496E100][0000023C7F54D180 49] WindowsServer, [0000023C04914400][0000023C01681300 49] WindowsClient, [0000023C0496C600][0000023C03D35480 49] IOS, [0000023C04916800][0000023C03D39600 49] iPadAir, [0000023C0496ED00][0000023C03D3D780 49] iPadAir2, [0000023C048BDE00][0000023C03BA9A40 49] IPadPro, [0000023C048BDF00][0000023C03BA5A80 49] iPadAir3, [0000023C0496D500][0000023C03BADC00 49] iPadAir4, [0000023C048BF700][0000023C03D561C0 49] iPadMini2, [0000023C0496F900][0000023C03BB0300 49] iPadMini3, [0000023C048BD600][0000023C03BB4440 49] iPadMini4, [0000023C0496CA00][0000023C03BB8580 49] iPadMini5, [0000023C048E9300][0000023C03BC4840 49] iPhone6, [0000023C048E9400][0000023C03BC0880 49] iPodTouch6, [0000023C04914600][0000023C03BCCB40 49] iPhone7, [0000023C04915F00][0000023C03BC8B80 49] iPodTouch7, [0000023C048BED00][0000023C03BD0D00 49] iPhone5S, [0000023C04914900][0000023C03BD4E80 49] iPhone6Plus, [0000023C048BFF00][0000023C03BE1000 49] iPhone6S, [0000023C04917300][0000023C03BE5180 49] iPhone6SPlus, [0000023C048E8100][0000023C03BE9300 49] iPhone7Plus, [0000023C048BE200][0000023C7F521480 49] iPhoneSE, [0000023C048EB300][0000023C7F525600 49] iPhone8, [0000023C048BDC00][0000023C7F529780 49] iPhone8Plus, [0000023C048E8800][0000023C7F531900 49] iPhoneX, [0000023C048BC900][0000023C7F535A80 49] iPhoneXS, [0000023C04914700][0000023C7F539C00 49] iPhoneXSMax, [0000023C048BFC00][0000023C7EE50200 49] iPhoneXR, [0000023C04917A00][0000023C03BBC340 49] iPhone11, [0000023C048BD300][0000023C7EE54480 49] iPhone11Pro, [0000023C04917600][0000023C7EE585C0 49] iPhone11ProMax, [0000023C048BE700][0000023C7EE5C700 49] iPhoneSE2, [0000023C04917200][0000023C7EE64880 49] iPhone12Mini, [0000023C048BCB00][0000023C03F1CA00 49] iPhone12, [0000023C04915600][0000023C7EE68B80 49] iPhone12Pro, [0000023C048BD000][0000023C7EE6CD00 49] iPhone12ProMax, [0000023C04914D00][0000023C7EE70E80 49] iPadPro105, [0000023C048BC200][0000023C7EE75000 49] iPadPro129, [0000023C04914200][0000023C7F52D180 49] iPadPro97, [0000023C048BF800][0000023C01649300 49] iPadPro2_129, [0000023C04916400][0000023C0456D480 49] iPad5, [0000023C048BF300][0000023C04571600 49] iPad6, [0000023C04915300][0000023C04575780 49] iPad7, [0000023C048BC600][0000023C04579900 49] iPad8, [0000023C04916E00][0000023C0457DA80 49] iPadPro11, [0000023C048BCA00][0000023C0164DC00 49] iPadPro2_11, [0000023C04914500][0000023C01650200 49] iPadPro3_129, [0000023C048BD400][0000023C796CA380 49] iPadPro4_129, [0000023C04915900][0000023C76A18500 49] AppleTV, [0000023C048BE500][0000023C7EE60640 49] AppleTV4K, [0000023C04916D00][0000023C76A10780 49] TVOS, [0000023C048BE800][0000023C76A148C0 49] Mac, [0000023C04915B00][0000023C01658A40 49] MacClient, [0000023C048BEF00][0000023C0165CBC0 49] MacNoEditor, [0000023C04917800][0000023C01660D40 49] MacServer, [0000023C048BFE00][0000023C01664EC0 49] Linux, [0000023C04917000][0000023C01669040 49] LinuxAArch64, [0000023C048BF100][0000023C7EE851C0 49] LinuxNoEditor, [0000023C04915D00][0000023C7EE89340 49] LinuxAArch64NoEditor, [0000023C048BC800][0000023C7EE8D4C0 49] LinuxClient, [0000023C04917400][0000023C7EE91640 49] LinuxAArch64Client, [0000023C048BEE00][0000023C7EE957C0 49] LinuxServer, [0000023C04916900][0000023C7EE99940 49] LinuxAArch64Server, [0000023C048BCE00][0000023C7EE9DAC0 49] Android, [0000023C04916A00][0000023C7EEA00C0 49] Android_Low, [0000023C048BD100][0000023C7EEA4240 49] Android_Mid, [0000023C04916F00][0000023C7EEA83C0 49] Android_High, [0000023C048BF200][0000023C7EEAC540 49] Android_Default, [0000023C04916B00][0000023C7EEB06C0 49] Android_Adreno4xx, [0000023C048BE600][0000023C01654800 49] Android_Adreno5xx_Low, [0000023C04916C00][0000023C7EEB4940 49] Android_Adreno5xx, [0000023C048BF600][0000023C7EEB8A80 49] Android_Adreno6xx, [0000023C04917100][0000023C7EEBCBC0 49] Android_Adreno6xx_Vulkan, [0000023C048BC100][0000023C7EEC4D40 49] Android_Mali_T6xx, [0000023C0496FF00][0000023C7EEC8EC0 49] Android_Mali_T7xx, [0000023C048E9A00][0000023C7EECD040 49] Android_Mali_T8xx, [0000023C0496D300][0000023C7EED11C0 49] Android_Mali_G71, [0000023C048E9B00][0000023C7EED5340 49] Android_Mali_G72, [0000023C0496E400][0000023C7EED94C0 49] Android_Mali_G72_Vulkan, [0000023C048E8600][0000023C015D7640 49] Android_Mali_G76, [0000023C0496C900][0000023C015DB7C0 49] Android_Mali_G76_Vulkan, [0000023C048E9800][0000023C015DF940 49] Android_Mali_G77, [0000023C0496C400][0000023C015E3AC0 49] Android_Mali_G77_Vulkan, [0000023C048EB800][0000023C015E60C0 49] Android_Mali_G78, [0000023C0496EB00][0000023C015EA240 49] Android_Mali_G78_Vulkan, [0000023C048E8400][0000023C015EE3C0 49] Android_Mali_G710, [0000023C0496FD00][0000023C015F2540 49] Android_Mali_G710_Vulkan, [0000023C048EA900][0000023C015F66C0 49] Android_Vulkan_SM5, [0000023C0496F400][0000023C015FA840 49] Android_PowerVR_G6xxx, [0000023C048EB900][0000023C7EEC0980 49] Android_PowerVR_GT7xxx, [0000023C0496E200][0000023C015FEAC0 49] Android_PowerVR_GE8xxx, [0000023C048EAD00][0000023C01602C00 49] Android_PowerVR_GM9xxx, [0000023C0496EA00][0000023C01606D40 49] Android_PowerVR_GM9xxx_Vulkan, [0000023C048EB400][0000023C0160EEC0 49] Android_TegraK1, [0000023C0496C200][0000023C01613040 49] Android_Unknown_Vulkan, [0000023C048EA100][0000023C016171C0 49] Lumin, [0000023C0496DC00][0000023C0161B340 49] Lumin_Desktop, [0000023C048EBC00][0000023C0161F4C0 49] HoloLens, 
[2021.11.04-16.26.49:845][  0]LogMeshReduction: Using QuadricMeshReduction for automatic static mesh reduction
[2021.11.04-16.26.49:845][  0]LogMeshReduction: Using SimplygonMeshReduction for automatic skeletal mesh reduction
[2021.11.04-16.26.49:845][  0]LogMeshReduction: Using ProxyLODMeshReduction for automatic mesh merging
[2021.11.04-16.26.49:845][  0]LogMeshReduction: No distributed automatic mesh merging module available
[2021.11.04-16.26.49:845][  0]LogMeshMerging: No distributed automatic mesh merging module available
[2021.11.04-16.26.49:867][  0]LogNetVersion: FPSGame 1.0.0, NetCL: 0, EngineNetVer: 17, GameNetVer: 0 (Checksum: 4290881765)
[2021.11.04-16.26.50:358][  0]LogTexture: Default maximum texture size for cubemaps generated from long-lat sources has been changed from 512 to unlimited. In order to preserve old behaiour for '/Engine/MapTemplates/Sky/DaylightAmbientCubemap.DaylightAmbientCubemap', its maximum texture size has been explicitly set to 512.
[2021.11.04-16.26.50:454][  0]LogHMD: PokeAHoleMaterial loaded successfully
[2021.11.04-16.26.50:460][  0]LogUObjectArray: 17164 objects as part of root set at end of initial load.
[2021.11.04-16.26.50:460][  0]LogUObjectAllocator: 4298336 out of 0 bytes used by permanent object pool.
[2021.11.04-16.26.50:460][  0]LogUObjectArray: CloseDisregardForGC: 0/0 objects in disregard for GC pool
[2021.11.04-16.26.50:937][  0]LogNiagaraDebuggerClient: Niagara Debugger Client Initialized | Session: 213FD7CE4BBEF27D4EB7359CC32EA6E8 | Instance: 645AA32F46872F3DDF8C56ABF3E4218E (DESKTOP-911E3CF-23292).
[2021.11.04-16.26.50:980][  0]LogStreaming: Warning: Failed to read file '../../../Engine/Content/Editor/Slate/Niagara/MenuSeparator.png' error.
[2021.11.04-16.26.50:980][  0]LogSlate: Could not find file for Slate resource: ../../../Engine/Content/Editor/Slate/Niagara/MenuSeparator.png
[2021.11.04-16.26.50:980][  0]LogStreaming: Warning: Failed to read file '../../../Engine/Content/Editor/Slate/Niagara/Common/Selector.png' error.
[2021.11.04-16.26.50:980][  0]LogSlate: Could not find file for Slate resource: ../../../Engine/Content/Editor/Slate/Niagara/Common/Selector.png
[2021.11.04-16.26.50:980][  0]LogStreaming: Warning: Failed to read file '../../../Engine/Content/Editor/Slate/Niagara/Common/Selection.png' error.
[2021.11.04-16.26.50:980][  0]LogSlate: Could not find file for Slate resource: ../../../Engine/Content/Editor/Slate/Niagara/Common/Selection.png
[2021.11.04-16.26.50:980][  0]LogStreaming: Warning: Failed to read file '../../../Engine/Content/Editor/Slate/Niagara/Common/DropZoneIndicator_Above.png' error.
[2021.11.04-16.26.50:980][  0]LogSlate: Could not find file for Slate resource: ../../../Engine/Content/Editor/Slate/Niagara/Common/DropZoneIndicator_Above.png
[2021.11.04-16.26.50:980][  0]LogStreaming: Warning: Failed to read file '../../../Engine/Content/Editor/Slate/Niagara/Common/DropZoneIndicator_Below.png' error.
[2021.11.04-16.26.50:980][  0]LogSlate: Could not find file for Slate resource: ../../../Engine/Content/Editor/Slate/Niagara/Common/DropZoneIndicator_Below.png
[2021.11.04-16.26.50:980][  0]LogStreaming: Warning: Failed to read file '../../../Engine/Content/Editor/Slate/Niagara/Common/RoundedSelection_16x.png' error.
[2021.11.04-16.26.50:980][  0]LogSlate: Could not find file for Slate resource: ../../../Engine/Content/Editor/Slate/Niagara/Common/RoundedSelection_16x.png
[2021.11.04-16.26.50:980][  0]LogStreaming: Warning: Failed to read file '../../../Engine/Content/Editor/Slate/Niagara/Common/DropZoneIndicator_Onto.png' error.
[2021.11.04-16.26.50:980][  0]LogSlate: Could not find file for Slate resource: ../../../Engine/Content/Editor/Slate/Niagara/Common/DropZoneIndicator_Onto.png
[2021.11.04-16.26.50:980][  0]LogStreaming: Warning: Failed to read file '../../../Engine/Content/Editor/Slate/Niagara/Common/FlatButton.png' error.
[2021.11.04-16.26.50:980][  0]LogSlate: Could not find file for Slate resource: ../../../Engine/Content/Editor/Slate/Niagara/Common/FlatButton.png
[2021.11.04-16.26.50:980][  0]LogImageWrapper: Warning: PNG Warning: Duplicate iCCP chunk
[2021.11.04-16.26.50:980][  0]LogImageWrapper: Warning: PNG Warning: Duplicate iCCP chunk
[2021.11.04-16.26.50:980][  0]LogTcpMessaging: Initializing TcpMessaging bridge
[2021.11.04-16.26.50:987][  0]LogUdpMessaging: Initializing bridge on interface 0.0.0.0:0 to multicast group 230.0.0.1:6666.
[2021.11.04-16.26.51:065][  0]LogPython: Using Python 3.7.7
[2021.11.04-16.26.55:275][  0]LogWindows: Could not start crash report client using ../../../Engine/Binaries/Win64/CrashReportClientEditor-Win64-Debug.exe
[2021.11.04-16.26.55:275][  0]LogMemory: Platform Memory Stats for Windows
[2021.11.04-16.26.55:275][  0]LogMemory: Process Physical Memory: 1075.77 MB used, 1077.04 MB peak
[2021.11.04-16.26.55:275][  0]LogMemory: Process Virtual Memory: 1152.47 MB used, 1153.77 MB peak
[2021.11.04-16.26.55:275][  0]LogMemory: Physical Memory: 20163.88 MB used,  45051.34 MB free, 65215.22 MB total
[2021.11.04-16.26.55:275][  0]LogMemory: Virtual Memory: 134174200.00 MB used,  43526.14 MB free, 134217728.00 MB total
[2021.11.04-16.26.55:275][  0]Message dialog closed, result: Ok, title: The UE4-FPSGame Editor has crashed and will close, text: Fatal error!


[2021.11.04-16.26.55:275][  0]LogWindows: Error: === Critical error: ===
[2021.11.04-16.26.55:275][  0]LogWindows: Error: 
[2021.11.04-16.26.55:275][  0]LogWindows: Error: Fatal error!
[2021.11.04-16.26.55:275][  0]LogWindows: Error: 
[2021.11.04-16.26.55:275][  0]LogWindows: Error: Unhandled Exception: EXCEPTION_ACCESS_VIOLATION reading address 0x0000000000000200
[2021.11.04-16.26.55:275][  0]LogWindows: Error: 
[2021.11.04-16.26.55:275][  0]LogWindows: Error: [Callstack] 0x00007ff905973e0a UE4Editor-Engine.dll!GameThread_FindParameterByName<FVectorParameterValue>() [D:\Codes\UE4src\UnrealEngine\Engine\Source\Runtime\Engine\Private\Materials\MaterialInstanceSupport.h:212]
[2021.11.04-16.26.55:275][  0]LogWindows: Error: [Callstack] 0x00007ff9059ec733 UE4Editor-Engine.dll!UMaterialInstance::SetVectorParameterValueInternal() [D:\Codes\UE4src\UnrealEngine\Engine\Source\Runtime\Engine\Private\Materials\MaterialInstance.cpp:3670]
[2021.11.04-16.26.55:275][  0]LogWindows: Error: [Callstack] 0x00007ff9059ec60a UE4Editor-Engine.dll!UMaterialInstanceDynamic::SetVectorParameterValue() [D:\Codes\UE4src\UnrealEngine\Engine\Source\Runtime\Engine\Private\Materials\MaterialInstanceDynamic.cpp:82]
[2021.11.04-16.26.55:275][  0]LogWindows: Error: [Callstack] 0x00007ff8e9784e6b UE4Editor-FPSGame-0063.dll!AShootProjectile::AShootProjectile() [D:\Codes\Unreal\TencentGaming\FPSGame\Source\FPSGame\ShootProjectile.cpp:53]
[2021.11.04-16.26.55:275][  0]LogWindows: Error: [Callstack] 0x00007ff9354f6323 UE4Editor-CoreUObject.dll!UClass::CreateDefaultObject() [D:\Codes\UE4src\UnrealEngine\Engine\Source\Runtime\CoreUObject\Private\UObject\Class.cpp:3791]
[2021.11.04-16.26.55:276][  0]LogWindows: Error: [Callstack] 0x00007ff93581745e UE4Editor-CoreUObject.dll!UObjectLoadAllCompiledInDefaultProperties() [D:\Codes\UE4src\UnrealEngine\Engine\Source\Runtime\CoreUObject\Private\UObject\UObjectBase.cpp:911]
[2021.11.04-16.26.55:276][  0]LogWindows: Error: [Callstack] 0x00007ff9357f3fe1 UE4Editor-CoreUObject.dll!ProcessNewlyLoadedUObjects() [D:\Codes\UE4src\UnrealEngine\Engine\Source\Runtime\CoreUObject\Private\UObject\UObjectBase.cpp:1003]
[2021.11.04-16.26.55:276][  0]LogWindows: Error: [Callstack] 0x00007ff9356bcac5 UE4Editor-CoreUObject.dll!TBaseStaticDelegateInstance<void __cdecl(FName,bool),FDefaultDelegateUserPolicy>::ExecuteIfSafe() [D:\Codes\UE4src\UnrealEngine\Engine\Source\Runtime\Core\Public\Delegates\DelegateInstancesImpl.h:731]
[2021.11.04-16.26.55:276][  0]LogWindows: Error: [Callstack] 0x00007ff935ed05aa UE4Editor-Core.dll!TMulticastDelegate<void __cdecl(FName,bool),FDefaultDelegateUserPolicy>::Broadcast() [D:\Codes\UE4src\UnrealEngine\Engine\Source\Runtime\Core\Public\Delegates\DelegateSignatureImpl.inl:955]
[2021.11.04-16.26.55:276][  0]LogWindows: Error: [Callstack] 0x00007ff935ef01bf UE4Editor-Core.dll!FModuleManager::LoadModuleWithFailureReason() [D:\Codes\UE4src\UnrealEngine\Engine\Source\Runtime\Core\Private\Modules\ModuleManager.cpp:519]
[2021.11.04-16.26.55:276][  0]LogWindows: Error: [Callstack] 0x00007ff949b661d3 UE4Editor-Projects.dll!FModuleDescriptor::LoadModulesForPhase() [D:\Codes\UE4src\UnrealEngine\Engine\Source\Runtime\Projects\Private\ModuleDescriptor.cpp:643]
[2021.11.04-16.26.55:276][  0]LogWindows: Error: [Callstack] 0x00007ff949b664de UE4Editor-Projects.dll!FProjectManager::LoadModulesForProject() [D:\Codes\UE4src\UnrealEngine\Engine\Source\Runtime\Projects\Private\ProjectManager.cpp:62]
[2021.11.04-16.26.55:276][  0]LogWindows: Error: [Callstack] 0x00007ff7fcbc5152 UE4Editor.exe!FEngineLoop::LoadStartupModules() [D:\Codes\UE4src\UnrealEngine\Engine\Source\Runtime\Launch\Private\LaunchEngineLoop.cpp:3882]
[2021.11.04-16.26.55:276][  0]LogWindows: Error: [Callstack] 0x00007ff7fcbc8a4a UE4Editor.exe!FEngineLoop::PreInitPostStartupScreen() [D:\Codes\UE4src\UnrealEngine\Engine\Source\Runtime\Launch\Private\LaunchEngineLoop.cpp:3265]
[2021.11.04-16.26.55:276][  0]LogWindows: Error: [Callstack] 0x00007ff7fcbc084d UE4Editor.exe!GuardedMain() [D:\Codes\UE4src\UnrealEngine\Engine\Source\Runtime\Launch\Private\Launch.cpp:132]
[2021.11.04-16.26.55:276][  0]LogWindows: Error: [Callstack] 0x00007ff7fcbc0bda UE4Editor.exe!GuardedMainWrapper() [D:\Codes\UE4src\UnrealEngine\Engine\Source\Runtime\Launch\Private\Windows\LaunchWindows.cpp:137]
[2021.11.04-16.26.55:276][  0]LogWindows: Error: [Callstack] 0x00007ff7fcbc3bfd UE4Editor.exe!LaunchWindowsStartup() [D:\Codes\UE4src\UnrealEngine\Engine\Source\Runtime\Launch\Private\Windows\LaunchWindows.cpp:273]
[2021.11.04-16.26.55:276][  0]LogWindows: Error: [Callstack] 0x00007ff7fcbd52e4 UE4Editor.exe!WinMain() [D:\Codes\UE4src\UnrealEngine\Engine\Source\Runtime\Launch\Private\Windows\LaunchWindows.cpp:320]
[2021.11.04-16.26.55:276][  0]LogWindows: Error: [Callstack] 0x00007ff7fcbd7e76 UE4Editor.exe!__scrt_common_main_seh() [d:\agent\_work\4\s\src\vctools\crt\vcstartup\src\startup\exe_common.inl:288]
[2021.11.04-16.26.55:276][  0]LogWindows: Error: [Callstack] 0x00007ff963ac7034 KERNEL32.DLL!UnknownFunction []
[2021.11.04-16.26.55:276][  0]LogWindows: Error: [Callstack] 0x00007ff965142651 ntdll.dll!UnknownFunction []
[2021.11.04-16.26.55:276][  0]LogWindows: Error: 
[2021.11.04-16.26.55:283][  0]LogExit: Executing StaticShutdownAfterError
[2021.11.04-16.26.55:285][  0]LogWindows: FPlatformMisc::RequestExit(1)
[2021.11.04-16.26.55:285][  0]LogWindows: FPlatformMisc::RequestExitWithStatus(1, 3)
[2021.11.04-16.26.55:285][  0]LogCore: Engine exit requested (reason: Win RequestExit)
[2021.11.04-16.26.55:314][  0]Log file closed, 11/05/21 00:26:55
